<?xml version="1.0" encoding="UTF-8"?>
<!-- Generated by org.testng.reporters.JUnitReportReporter -->
<testsuite hostname="DESKTOP-VM1LFPQ" failures="0" tests="1" name="myJMCode.myJMCode" time="13.287" errors="0" timestamp="2023-10-12T18:06:14 IST" skipped="0">
  <testcase classname="myJMCode.myJMCode" name="validateURL" time="13.287"/>
  <system-out/>
</testsuite> <!-- myJMCode.myJMCode -->
